
> degen0x@1.0.0 prebuild
> node scripts/generate-page-manifest.mjs

✅ Page manifest generated: 1797 pages → src/data/page-manifest.json

> degen0x@1.0.0 build
> node scripts/prebuild-fix.mjs && NODE_OPTIONS='--max-old-space-size=7168' next build --webpack

[prebuild] Done.
⚠ Found lockfile missing swc dependencies, patching...
⨯ Failed to patch lockfile, please try uninstalling and reinstalling next in this workspace
TypeError: fetch failed
    at ignore-listed frames {
  [cause]: Error: getaddrinfo EAI_AGAIN registry.npmjs.org
      at ignore-listed frames {
    errno: -3001,
    code: 'EAI_AGAIN',
    syscall: 'getaddrinfo',
    hostname: 'registry.npmjs.org'
  }
}
▲ Next.js 16.1.6 (webpack)
- Experiments (use with caution):
  · staticGenerationMaxConcurrency: 4

  Creating an optimized production build ...
Killed
